Accepted

####################################################

# Before init: 753 possible values and 1 * 251^3 combinations
# Applying substitution for single-value domains 	  and checking applicable constraints:
# After init: 753 possible values and 1 * 251^3 combinations
# After init: domains
X0: [0, 1, 2, 3, 4, 5, 6, 7, 8, 9, 10, 11, 12, 13, 14, 15, 16, 17, 18, 19, 20, 21, 22, 23, 24, 25, 26, 27, 28, 29, 30, 31, 32, 33, 34, 35, 36, 37, 38, 39, 40, 41, 42, 43, 44, 45, 46, 47, 48, 49, 50, 51, 52, 53, 54, 55, 56, 57, 58, 59, 60, 61, 62, 63, 64, 65, 66, 67, 68, 69, 70, 71, 72, 73, 74, 75, 76, 77, 78, 79, 80, 81, 82, 83, 84, 85, 86, 87, 88, 89, 90, 91, 92, 93, 94, 95, 96, 97, 98, 99, 100, 101, 102, 103, 104, 105, 106, 107, 108, 109, 110, 111, 112, 113, 114, 115, 116, 117, 118, 119, 120, 121, 122, 123, 124, 125, 126, 127, 128, 129, 130, 131, 132, 133, 134, 135, 136, 137, 138, 139, 140, 141, 142, 143, 144, 145, 146, 147, 148, 149, 150, 151, 152, 153, 154, 155, 156, 157, 158, 159, 160, 161, 162, 163, 164, 165, 166, 167, 168, 169, 170, 171, 172, 173, 174, 175, 176, 177, 178, 179, 180, 181, 182, 183, 184, 185, 186, 187, 188, 189, 190, 191, 192, 193, 194, 195, 196, 197, 198, 199, 200, 201, 202, 203, 204, 205, 206, 207, 208, 209, 210, 211, 212, 213, 214, 215, 216, 217, 218, 219, 220, 221, 222, 223, 224, 225, 226, 227, 228, 229, 230, 231, 232, 233, 234, 235, 236, 237, 238, 239, 240, 241, 242, 243, 244, 245, 246, 247, 248, 249, 250]
X1: [0, 1, 2, 3, 4, 5, 6, 7, 8, 9, 10, 11, 12, 13, 14, 15, 16, 17, 18, 19, 20, 21, 22, 23, 24, 25, 26, 27, 28, 29, 30, 31, 32, 33, 34, 35, 36, 37, 38, 39, 40, 41, 42, 43, 44, 45, 46, 47, 48, 49, 50, 51, 52, 53, 54, 55, 56, 57, 58, 59, 60, 61, 62, 63, 64, 65, 66, 67, 68, 69, 70, 71, 72, 73, 74, 75, 76, 77, 78, 79, 80, 81, 82, 83, 84, 85, 86, 87, 88, 89, 90, 91, 92, 93, 94, 95, 96, 97, 98, 99, 100, 101, 102, 103, 104, 105, 106, 107, 108, 109, 110, 111, 112, 113, 114, 115, 116, 117, 118, 119, 120, 121, 122, 123, 124, 125, 126, 127, 128, 129, 130, 131, 132, 133, 134, 135, 136, 137, 138, 139, 140, 141, 142, 143, 144, 145, 146, 147, 148, 149, 150, 151, 152, 153, 154, 155, 156, 157, 158, 159, 160, 161, 162, 163, 164, 165, 166, 167, 168, 169, 170, 171, 172, 173, 174, 175, 176, 177, 178, 179, 180, 181, 182, 183, 184, 185, 186, 187, 188, 189, 190, 191, 192, 193, 194, 195, 196, 197, 198, 199, 200, 201, 202, 203, 204, 205, 206, 207, 208, 209, 210, 211, 212, 213, 214, 215, 216, 217, 218, 219, 220, 221, 222, 223, 224, 225, 226, 227, 228, 229, 230, 231, 232, 233, 234, 235, 236, 237, 238, 239, 240, 241, 242, 243, 244, 245, 246, 247, 248, 249, 250]
X2: [0, 1, 2, 3, 4, 5, 6, 7, 8, 9, 10, 11, 12, 13, 14, 15, 16, 17, 18, 19, 20, 21, 22, 23, 24, 25, 26, 27, 28, 29, 30, 31, 32, 33, 34, 35, 36, 37, 38, 39, 40, 41, 42, 43, 44, 45, 46, 47, 48, 49, 50, 51, 52, 53, 54, 55, 56, 57, 58, 59, 60, 61, 62, 63, 64, 65, 66, 67, 68, 69, 70, 71, 72, 73, 74, 75, 76, 77, 78, 79, 80, 81, 82, 83, 84, 85, 86, 87, 88, 89, 90, 91, 92, 93, 94, 95, 96, 97, 98, 99, 100, 101, 102, 103, 104, 105, 106, 107, 108, 109, 110, 111, 112, 113, 114, 115, 116, 117, 118, 119, 120, 121, 122, 123, 124, 125, 126, 127, 128, 129, 130, 131, 132, 133, 134, 135, 136, 137, 138, 139, 140, 141, 142, 143, 144, 145, 146, 147, 148, 149, 150, 151, 152, 153, 154, 155, 156, 157, 158, 159, 160, 161, 162, 163, 164, 165, 166, 167, 168, 169, 170, 171, 172, 173, 174, 175, 176, 177, 178, 179, 180, 181, 182, 183, 184, 185, 186, 187, 188, 189, 190, 191, 192, 193, 194, 195, 196, 197, 198, 199, 200, 201, 202, 203, 204, 205, 206, 207, 208, 209, 210, 211, 212, 213, 214, 215, 216, 217, 218, 219, 220, 221, 222, 223, 224, 225, 226, 227, 228, 229, 230, 231, 232, 233, 234, 235, 236, 237, 238, 239, 240, 241, 242, 243, 244, 245, 246, 247, 248, 249, 250]
Trying value 0 for variable X2.
Maintaining arc consistency after assignment of variable X2
X2 = 0 -> Domain limited of variable X0.
X2 = 0 -> Domain limited of variable X1.
X2 = 0 -> Domain limited of variable X0.
Trying value 1 for variable X2.
Maintaining arc consistency after assignment of variable X2
X2 = 1 -> Domain limited of variable X0.
X2 = 1 -> Domain limited of variable X1.
X2 = 1 -> Domain limited of variable X0.
X2 = 1 -> Domain limited of variable X1.
X2 = 1 -> Domain limited of variable X0.
Trying value 2 for variable X2.
Maintaining arc consistency after assignment of variable X2
X2 = 2 -> Domain limited of variable X0.
X2 = 2 -> Domain limited of variable X1.
X2 = 2 -> Domain limited of variable X0.
X2 = 2 -> Domain limited of variable X1.
X2 = 2 -> Domain limited of variable X0.
X2 = 2 -> Domain limited of variable X1.
Trying value 7 for variable X1.
Maintaining arc consistency after assignment of variable X1
Trying value 3 for variable X0.
Maintaining arc consistency after assignment of variable X0
Trying value 3 for variable X2.
Maintaining arc consistency after assignment of variable X2
X2 = 3 -> Domain limited of variable X0.
X2 = 3 -> Domain limited of variable X1.
X2 = 3 -> Domain limited of variable X0.
X2 = 3 -> Domain limited of variable X1.
X2 = 3 -> Domain limited of variable X0.
Trying value 4 for variable X2.
Maintaining arc consistency after assignment of variable X2
X2 = 4 -> Domain limited of variable X0.
X2 = 4 -> Domain limited of variable X1.
X2 = 4 -> Domain limited of variable X0.
X2 = 4 -> Domain limited of variable X1.
X2 = 4 -> Domain limited of variable X0.
Trying value 5 for variable X2.
Maintaining arc consistency after assignment of variable X2
X2 = 5 -> Domain limited of variable X0.
X2 = 5 -> Domain limited of variable X1.
X2 = 5 -> Domain limited of variable X0.
X2 = 5 -> Domain limited of variable X1.
X2 = 5 -> Domain limited of variable X0.
Trying value 6 for variable X2.
Maintaining arc consistency after assignment of variable X2
X2 = 6 -> Domain limited of variable X0.
X2 = 6 -> Domain limited of variable X1.
X2 = 6 -> Domain limited of variable X0.
X2 = 6 -> Domain limited of variable X1.
X2 = 6 -> Domain limited of variable X0.
Trying value 7 for variable X2.
Maintaining arc consistency after assignment of variable X2
X2 = 7 -> Domain limited of variable X0.
X2 = 7 -> Domain limited of variable X1.
X2 = 7 -> Domain limited of variable X0.
X2 = 7 -> Domain limited of variable X1.
X2 = 7 -> Domain limited of variable X0.
X2 = 7 -> Domain limited of variable X1.
X2 = 7 -> Domain limited of variable X0.
Trying value 8 for variable X2.
Maintaining arc consistency after assignment of variable X2
X2 = 8 -> Domain limited of variable X0.
X2 = 8 -> Domain limited of variable X1.
X2 = 8 -> Domain limited of variable X0.
X2 = 8 -> Domain limited of variable X1.
X2 = 8 -> Domain limited of variable X0.
Trying value 9 for variable X2.
Maintaining arc consistency after assignment of variable X2
X2 = 9 -> Domain limited of variable X0.
X2 = 9 -> Domain limited of variable X1.
X2 = 9 -> Domain limited of variable X0.
X2 = 9 -> Domain limited of variable X1.
X2 = 9 -> Domain limited of variable X0.
Trying value 10 for variable X2.
Maintaining arc consistency after assignment of variable X2
X2 = 10 -> Domain limited of variable X0.
X2 = 10 -> Domain limited of variable X1.
X2 = 10 -> Domain limited of variable X0.
X2 = 10 -> Domain limited of variable X1.
X2 = 10 -> Domain limited of variable X0.
Trying value 11 for variable X2.
Maintaining arc consistency after assignment of variable X2
X2 = 11 -> Domain limited of variable X0.
X2 = 11 -> Domain limited of variable X1.
X2 = 11 -> Domain limited of variable X0.
X2 = 11 -> Domain limited of variable X1.
X2 = 11 -> Domain limited of variable X0.
Trying value 12 for variable X2.
Maintaining arc consistency after assignment of variable X2
X2 = 12 -> Domain limited of variable X0.
X2 = 12 -> Domain limited of variable X1.
X2 = 12 -> Domain limited of variable X0.
X2 = 12 -> Domain limited of variable X1.
X2 = 12 -> Domain limited of variable X0.
Trying value 13 for variable X2.
Maintaining arc consistency after assignment of variable X2
X2 = 13 -> Domain limited of variable X0.
X2 = 13 -> Domain limited of variable X1.
X2 = 13 -> Domain limited of variable X0.
X2 = 13 -> Domain limited of variable X1.
X2 = 13 -> Domain limited of variable X0.
Trying value 14 for variable X2.
Maintaining arc consistency after assignment of variable X2
X2 = 14 -> Domain limited of variable X0.
X2 = 14 -> Domain limited of variable X1.
X2 = 14 -> Domain limited of variable X0.
X2 = 14 -> Domain limited of variable X1.
X2 = 14 -> Domain limited of variable X0.
Trying value 15 for variable X2.
Maintaining arc consistency after assignment of variable X2
X2 = 15 -> Domain limited of variable X0.
X2 = 15 -> Domain limited of variable X1.
X2 = 15 -> Domain limited of variable X0.
X2 = 15 -> Domain limited of variable X1.
X2 = 15 -> Domain limited of variable X0.
Trying value 16 for variable X2.
Maintaining arc consistency after assignment of variable X2
X2 = 16 -> Domain limited of variable X0.
X2 = 16 -> Domain limited of variable X1.
X2 = 16 -> Domain limited of variable X0.
X2 = 16 -> Domain limited of variable X1.
X2 = 16 -> Domain limited of variable X0.
Trying value 17 for variable X2.
Maintaining arc consistency after assignment of variable X2
X2 = 17 -> Domain limited of variable X0.
X2 = 17 -> Domain limited of variable X1.
X2 = 17 -> Domain limited of variable X0.
X2 = 17 -> Domain limited of variable X1.
X2 = 17 -> Domain limited of variable X0.
Trying value 18 for variable X2.
Maintaining arc consistency after assignment of variable X2
X2 = 18 -> Domain limited of variable X0.
X2 = 18 -> Domain limited of variable X1.
X2 = 18 -> Domain limited of variable X0.
X2 = 18 -> Domain limited of variable X1.
X2 = 18 -> Domain limited of variable X0.
Trying value 19 for variable X2.
Maintaining arc consistency after assignment of variable X2
X2 = 19 -> Domain limited of variable X0.
X2 = 19 -> Domain limited of variable X1.
X2 = 19 -> Domain limited of variable X0.
X2 = 19 -> Domain limited of variable X1.
X2 = 19 -> Domain limited of variable X0.
Trying value 20 for variable X2.
Maintaining arc consistency after assignment of variable X2
X2 = 20 -> Domain limited of variable X0.
X2 = 20 -> Domain limited of variable X1.
X2 = 20 -> Domain limited of variable X0.
X2 = 20 -> Domain limited of variable X1.
X2 = 20 -> Domain limited of variable X0.
Trying value 21 for variable X2.
Maintaining arc consistency after assignment of variable X2
X2 = 21 -> Domain limited of variable X0.
X2 = 21 -> Domain limited of variable X1.
X2 = 21 -> Domain limited of variable X0.
X2 = 21 -> Domain limited of variable X1.
X2 = 21 -> Domain limited of variable X0.
Trying value 22 for variable X2.
Maintaining arc consistency after assignment of variable X2
X2 = 22 -> Domain limited of variable X0.
X2 = 22 -> Domain limited of variable X1.
X2 = 22 -> Domain limited of variable X0.
X2 = 22 -> Domain limited of variable X1.
X2 = 22 -> Domain limited of variable X0.
Trying value 23 for variable X2.
Maintaining arc consistency after assignment of variable X2
X2 = 23 -> Domain limited of variable X0.
X2 = 23 -> Domain limited of variable X1.
X2 = 23 -> Domain limited of variable X0.
X2 = 23 -> Domain limited of variable X1.
X2 = 23 -> Domain limited of variable X0.
Trying value 24 for variable X2.
Maintaining arc consistency after assignment of variable X2
X2 = 24 -> Domain limited of variable X0.
X2 = 24 -> Domain limited of variable X1.
X2 = 24 -> Domain limited of variable X0.
X2 = 24 -> Domain limited of variable X1.
X2 = 24 -> Domain limited of variable X0.
Trying value 25 for variable X2.
Maintaining arc consistency after assignment of variable X2
X2 = 25 -> Domain limited of variable X0.
X2 = 25 -> Domain limited of variable X1.
X2 = 25 -> Domain limited of variable X0.
X2 = 25 -> Domain limited of variable X1.
X2 = 25 -> Domain limited of variable X0.
Trying value 26 for variable X2.
Maintaining arc consistency after assignment of variable X2
X2 = 26 -> Domain limited of variable X0.
X2 = 26 -> Domain limited of variable X1.
X2 = 26 -> Domain limited of variable X0.
X2 = 26 -> Domain limited of variable X1.
X2 = 26 -> Domain limited of variable X0.
Trying value 27 for variable X2.
Maintaining arc consistency after assignment of variable X2
X2 = 27 -> Domain limited of variable X0.
X2 = 27 -> Domain limited of variable X1.
X2 = 27 -> Domain limited of variable X0.
X2 = 27 -> Domain limited of variable X1.
X2 = 27 -> Domain limited of variable X0.
Trying value 28 for variable X2.
Maintaining arc consistency after assignment of variable X2
X2 = 28 -> Domain limited of variable X0.
X2 = 28 -> Domain limited of variable X1.
X2 = 28 -> Domain limited of variable X0.
X2 = 28 -> Domain limited of variable X1.
X2 = 28 -> Domain limited of variable X0.
Trying value 29 for variable X2.
Maintaining arc consistency after assignment of variable X2
X2 = 29 -> Domain limited of variable X0.
X2 = 29 -> Domain limited of variable X1.
X2 = 29 -> Domain limited of variable X0.
X2 = 29 -> Domain limited of variable X1.
X2 = 29 -> Domain limited of variable X0.
Trying value 30 for variable X2.
Maintaining arc consistency after assignment of variable X2
X2 = 30 -> Domain limited of variable X0.
X2 = 30 -> Domain limited of variable X1.
X2 = 30 -> Domain limited of variable X0.
X2 = 30 -> Domain limited of variable X1.
X2 = 30 -> Domain limited of variable X0.
Trying value 31 for variable X2.
Maintaining arc consistency after assignment of variable X2
X2 = 31 -> Domain limited of variable X0.
X2 = 31 -> Domain limited of variable X1.
X2 = 31 -> Domain limited of variable X0.
X2 = 31 -> Domain limited of variable X1.
X2 = 31 -> Domain limited of variable X0.
Trying value 32 for variable X2.
Maintaining arc consistency after assignment of variable X2
X2 = 32 -> Domain limited of variable X0.
X2 = 32 -> Domain limited of variable X1.
X2 = 32 -> Domain limited of variable X0.
X2 = 32 -> Domain limited of variable X1.
X2 = 32 -> Domain limited of variable X0.
Trying value 33 for variable X2.
Maintaining arc consistency after assignment of variable X2
X2 = 33 -> Domain limited of variable X0.
X2 = 33 -> Domain limited of variable X1.
X2 = 33 -> Domain limited of variable X0.
X2 = 33 -> Domain limited of variable X1.
X2 = 33 -> Domain limited of variable X0.
Trying value 34 for variable X2.
Maintaining arc consistency after assignment of variable X2
X2 = 34 -> Domain limited of variable X0.
X2 = 34 -> Domain limited of variable X1.
X2 = 34 -> Domain limited of variable X0.
X2 = 34 -> Domain limited of variable X1.
X2 = 34 -> Domain limited of variable X0.
Trying value 35 for variable X2.
Maintaining arc consistency after assignment of variable X2
X2 = 35 -> Domain limited of variable X0.
X2 = 35 -> Domain limited of variable X1.
X2 = 35 -> Domain limited of variable X0.
X2 = 35 -> Domain limited of variable X1.
X2 = 35 -> Domain limited of variable X0.
Trying value 36 for variable X2.
Maintaining arc consistency after assignment of variable X2
X2 = 36 -> Domain limited of variable X0.
X2 = 36 -> Domain limited of variable X1.
X2 = 36 -> Domain limited of variable X0.
X2 = 36 -> Domain limited of variable X1.
X2 = 36 -> Domain limited of variable X0.
Trying value 37 for variable X2.
Maintaining arc consistency after assignment of variable X2
X2 = 37 -> Domain limited of variable X0.
X2 = 37 -> Domain limited of variable X1.
X2 = 37 -> Domain limited of variable X0.
X2 = 37 -> Domain limited of variable X1.
X2 = 37 -> Domain limited of variable X0.
Trying value 38 for variable X2.
Maintaining arc consistency after assignment of variable X2
X2 = 38 -> Domain limited of variable X0.
X2 = 38 -> Domain limited of variable X1.
X2 = 38 -> Domain limited of variable X0.
X2 = 38 -> Domain limited of variable X1.
X2 = 38 -> Domain limited of variable X0.
Trying value 39 for variable X2.
Maintaining arc consistency after assignment of variable X2
X2 = 39 -> Domain limited of variable X0.
X2 = 39 -> Domain limited of variable X1.
X2 = 39 -> Domain limited of variable X0.
X2 = 39 -> Domain limited of variable X1.
X2 = 39 -> Domain limited of variable X0.
Trying value 40 for variable X2.
Maintaining arc consistency after assignment of variable X2
X2 = 40 -> Domain limited of variable X0.
X2 = 40 -> Domain limited of variable X1.
X2 = 40 -> Domain limited of variable X0.
X2 = 40 -> Domain limited of variable X1.
X2 = 40 -> Domain limited of variable X0.
Trying value 41 for variable X2.
Maintaining arc consistency after assignment of variable X2
X2 = 41 -> Domain limited of variable X0.
X2 = 41 -> Domain limited of variable X1.
X2 = 41 -> Domain limited of variable X0.
X2 = 41 -> Domain limited of variable X1.
X2 = 41 -> Domain limited of variable X0.
Trying value 42 for variable X2.
Maintaining arc consistency after assignment of variable X2
X2 = 42 -> Domain limited of variable X0.
X2 = 42 -> Domain limited of variable X1.
X2 = 42 -> Domain limited of variable X0.
X2 = 42 -> Domain limited of variable X1.
X2 = 42 -> Domain limited of variable X0.
Trying value 43 for variable X2.
Maintaining arc consistency after assignment of variable X2
X2 = 43 -> Domain limited of variable X0.
X2 = 43 -> Domain limited of variable X1.
X2 = 43 -> Domain limited of variable X0.
X2 = 43 -> Domain limited of variable X1.
X2 = 43 -> Domain limited of variable X0.
Trying value 44 for variable X2.
Maintaining arc consistency after assignment of variable X2
X2 = 44 -> Domain limited of variable X0.
X2 = 44 -> Domain limited of variable X1.
X2 = 44 -> Domain limited of variable X0.
X2 = 44 -> Domain limited of variable X1.
X2 = 44 -> Domain limited of variable X0.
Trying value 45 for variable X2.
Maintaining arc consistency after assignment of variable X2
X2 = 45 -> Domain limited of variable X0.
X2 = 45 -> Domain limited of variable X1.
X2 = 45 -> Domain limited of variable X0.
X2 = 45 -> Domain limited of variable X1.
X2 = 45 -> Domain limited of variable X0.
Trying value 46 for variable X2.
Maintaining arc consistency after assignment of variable X2
X2 = 46 -> Domain limited of variable X0.
X2 = 46 -> Domain limited of variable X1.
X2 = 46 -> Domain limited of variable X0.
X2 = 46 -> Domain limited of variable X1.
X2 = 46 -> Domain limited of variable X0.
Trying value 47 for variable X2.
Maintaining arc consistency after assignment of variable X2
X2 = 47 -> Domain limited of variable X0.
X2 = 47 -> Domain limited of variable X1.
X2 = 47 -> Domain limited of variable X0.
X2 = 47 -> Domain limited of variable X1.
X2 = 47 -> Domain limited of variable X0.
Trying value 48 for variable X2.
Maintaining arc consistency after assignment of variable X2
X2 = 48 -> Domain limited of variable X0.
X2 = 48 -> Domain limited of variable X1.
X2 = 48 -> Domain limited of variable X0.
X2 = 48 -> Domain limited of variable X1.
X2 = 48 -> Domain limited of variable X0.
Trying value 49 for variable X2.
Maintaining arc consistency after assignment of variable X2
X2 = 49 -> Domain limited of variable X0.
X2 = 49 -> Domain limited of variable X1.
X2 = 49 -> Domain limited of variable X0.
X2 = 49 -> Domain limited of variable X1.
X2 = 49 -> Domain limited of variable X0.
Trying value 50 for variable X2.
Maintaining arc consistency after assignment of variable X2
X2 = 50 -> Domain limited of variable X0.
X2 = 50 -> Domain limited of variable X1.
X2 = 50 -> Domain limited of variable X0.
Trying value 51 for variable X2.
Maintaining arc consistency after assignment of variable X2
X2 = 51 -> Domain limited of variable X0.
X2 = 51 -> Domain limited of variable X1.
X2 = 51 -> Domain limited of variable X0.
X2 = 51 -> Domain limited of variable X1.
X2 = 51 -> Domain limited of variable X0.
Trying value 52 for variable X2.
Maintaining arc consistency after assignment of variable X2
X2 = 52 -> Domain limited of variable X0.
X2 = 52 -> Domain limited of variable X1.
X2 = 52 -> Domain limited of variable X0.
X2 = 52 -> Domain limited of variable X1.
X2 = 52 -> Domain limited of variable X0.
Trying value 53 for variable X2.
Maintaining arc consistency after assignment of variable X2
X2 = 53 -> Domain limited of variable X0.
X2 = 53 -> Domain limited of variable X1.
X2 = 53 -> Domain limited of variable X0.
X2 = 53 -> Domain limited of variable X1.
X2 = 53 -> Domain limited of variable X0.
Trying value 54 for variable X2.
Maintaining arc consistency after assignment of variable X2
X2 = 54 -> Domain limited of variable X0.
X2 = 54 -> Domain limited of variable X1.
X2 = 54 -> Domain limited of variable X0.
X2 = 54 -> Domain limited of variable X1.
X2 = 54 -> Domain limited of variable X0.
Trying value 55 for variable X2.
Maintaining arc consistency after assignment of variable X2
X2 = 55 -> Domain limited of variable X0.
X2 = 55 -> Domain limited of variable X1.
X2 = 55 -> Domain limited of variable X0.
X2 = 55 -> Domain limited of variable X1.
X2 = 55 -> Domain limited of variable X0.
Trying value 56 for variable X2.
Maintaining arc consistency after assignment of variable X2
X2 = 56 -> Domain limited of variable X0.
X2 = 56 -> Domain limited of variable X1.
X2 = 56 -> Domain limited of variable X0.
X2 = 56 -> Domain limited of variable X1.
X2 = 56 -> Domain limited of variable X0.
Trying value 57 for variable X2.
Maintaining arc consistency after assignment of variable X2
X2 = 57 -> Domain limited of variable X0.
X2 = 57 -> Domain limited of variable X1.
X2 = 57 -> Domain limited of variable X0.
X2 = 57 -> Domain limited of variable X1.
X2 = 57 -> Domain limited of variable X0.
Trying value 58 for variable X2.
Maintaining arc consistency after assignment of variable X2
X2 = 58 -> Domain limited of variable X0.
X2 = 58 -> Domain limited of variable X1.
X2 = 58 -> Domain limited of variable X0.
X2 = 58 -> Domain limited of variable X1.
X2 = 58 -> Domain limited of variable X0.
Trying value 59 for variable X2.
Maintaining arc consistency after assignment of variable X2
X2 = 59 -> Domain limited of variable X0.
X2 = 59 -> Domain limited of variable X1.
X2 = 59 -> Domain limited of variable X0.
X2 = 59 -> Domain limited of variable X1.
X2 = 59 -> Domain limited of variable X0.
Trying value 60 for variable X2.
Maintaining arc consistency after assignment of variable X2
X2 = 60 -> Domain limited of variable X0.
X2 = 60 -> Domain limited of variable X1.
X2 = 60 -> Domain limited of variable X0.
X2 = 60 -> Domain limited of variable X1.
X2 = 60 -> Domain limited of variable X0.
Trying value 61 for variable X2.
Maintaining arc consistency after assignment of variable X2
X2 = 61 -> Domain limited of variable X0.
X2 = 61 -> Domain limited of variable X1.
X2 = 61 -> Domain limited of variable X0.
X2 = 61 -> Domain limited of variable X1.
X2 = 61 -> Domain limited of variable X0.
Trying value 62 for variable X2.
Maintaining arc consistency after assignment of variable X2
X2 = 62 -> Domain limited of variable X0.
X2 = 62 -> Domain limited of variable X1.
X2 = 62 -> Domain limited of variable X0.
X2 = 62 -> Domain limited of variable X1.
X2 = 62 -> Domain limited of variable X0.
Trying value 63 for variable X2.
Maintaining arc consistency after assignment of variable X2
X2 = 63 -> Domain limited of variable X0.
X2 = 63 -> Domain limited of variable X1.
X2 = 63 -> Domain limited of variable X0.
X2 = 63 -> Domain limited of variable X1.
X2 = 63 -> Domain limited of variable X0.
Trying value 64 for variable X2.
Maintaining arc consistency after assignment of variable X2
X2 = 64 -> Domain limited of variable X0.
X2 = 64 -> Domain limited of variable X1.
X2 = 64 -> Domain limited of variable X0.
X2 = 64 -> Domain limited of variable X1.
X2 = 64 -> Domain limited of variable X0.
Trying value 65 for variable X2.
Maintaining arc consistency after assignment of variable X2
X2 = 65 -> Domain limited of variable X0.
X2 = 65 -> Domain limited of variable X1.
X2 = 65 -> Domain limited of variable X0.
X2 = 65 -> Domain limited of variable X1.
X2 = 65 -> Domain limited of variable X0.
Trying value 66 for variable X2.
Maintaining arc consistency after assignment of variable X2
X2 = 66 -> Domain limited of variable X0.
X2 = 66 -> Domain limited of variable X1.
X2 = 66 -> Domain limited of variable X0.
X2 = 66 -> Domain limited of variable X1.
X2 = 66 -> Domain limited of variable X0.
Trying value 67 for variable X2.
Maintaining arc consistency after assignment of variable X2
X2 = 67 -> Domain limited of variable X0.
X2 = 67 -> Domain limited of variable X1.
X2 = 67 -> Domain limited of variable X0.
X2 = 67 -> Domain limited of variable X1.
X2 = 67 -> Domain limited of variable X0.
Trying value 68 for variable X2.
Maintaining arc consistency after assignment of variable X2
X2 = 68 -> Domain limited of variable X0.
X2 = 68 -> Domain limited of variable X1.
X2 = 68 -> Domain limited of variable X0.
X2 = 68 -> Domain limited of variable X1.
X2 = 68 -> Domain limited of variable X0.
Trying value 69 for variable X2.
Maintaining arc consistency after assignment of variable X2
X2 = 69 -> Domain limited of variable X0.
X2 = 69 -> Domain limited of variable X1.
X2 = 69 -> Domain limited of variable X0.
X2 = 69 -> Domain limited of variable X1.
X2 = 69 -> Domain limited of variable X0.
Trying value 70 for variable X2.
Maintaining arc consistency after assignment of variable X2
X2 = 70 -> Domain limited of variable X0.
X2 = 70 -> Domain limited of variable X1.
X2 = 70 -> Domain limited of variable X0.
X2 = 70 -> Domain limited of variable X1.
X2 = 70 -> Domain limited of variable X0.
Trying value 71 for variable X2.
Maintaining arc consistency after assignment of variable X2
X2 = 71 -> Domain limited of variable X0.
X2 = 71 -> Domain limited of variable X1.
X2 = 71 -> Domain limited of variable X0.
X2 = 71 -> Domain limited of variable X1.
X2 = 71 -> Domain limited of variable X0.
Trying value 72 for variable X2.
Maintaining arc consistency after assignment of variable X2
X2 = 72 -> Domain limited of variable X0.
X2 = 72 -> Domain limited of variable X1.
X2 = 72 -> Domain limited of variable X0.
Trying value 73 for variable X2.
Maintaining arc consistency after assignment of variable X2
X2 = 73 -> Domain limited of variable X0.
X2 = 73 -> Domain limited of variable X1.
X2 = 73 -> Domain limited of variable X0.
Trying value 74 for variable X2.
Maintaining arc consistency after assignment of variable X2
X2 = 74 -> Domain limited of variable X0.
X2 = 74 -> Domain limited of variable X1.
X2 = 74 -> Domain limited of variable X0.
Trying value 75 for variable X2.
Maintaining arc consistency after assignment of variable X2
X2 = 75 -> Domain limited of variable X0.
X2 = 75 -> Domain limited of variable X1.
X2 = 75 -> Domain limited of variable X0.
Trying value 76 for variable X2.
Maintaining arc consistency after assignment of variable X2
X2 = 76 -> Domain limited of variable X0.
X2 = 76 -> Domain limited of variable X1.
X2 = 76 -> Domain limited of variable X0.
Trying value 77 for variable X2.
Maintaining arc consistency after assignment of variable X2
X2 = 77 -> Domain limited of variable X0.
X2 = 77 -> Domain limited of variable X1.
X2 = 77 -> Domain limited of variable X0.
Trying value 78 for variable X2.
Maintaining arc consistency after assignment of variable X2
X2 = 78 -> Domain limited of variable X0.
X2 = 78 -> Domain limited of variable X1.
X2 = 78 -> Domain limited of variable X0.
Trying value 79 for variable X2.
Maintaining arc consistency after assignment of variable X2
X2 = 79 -> Domain limited of variable X0.
X2 = 79 -> Domain limited of variable X1.
X2 = 79 -> Domain limited of variable X0.
Trying value 80 for variable X2.
Maintaining arc consistency after assignment of variable X2
X2 = 80 -> Domain limited of variable X0.
X2 = 80 -> Domain limited of variable X1.
X2 = 80 -> Domain limited of variable X0.
Trying value 81 for variable X2.
Maintaining arc consistency after assignment of variable X2
X2 = 81 -> Domain limited of variable X0.
X2 = 81 -> Domain limited of variable X1.
X2 = 81 -> Domain limited of variable X0.
Trying value 82 for variable X2.
Maintaining arc consistency after assignment of variable X2
X2 = 82 -> Domain limited of variable X0.
X2 = 82 -> Domain limited of variable X1.
X2 = 82 -> Domain limited of variable X0.
Trying value 83 for variable X2.
Maintaining arc consistency after assignment of variable X2
X2 = 83 -> Domain limited of variable X0.
X2 = 83 -> Domain limited of variable X1.
X2 = 83 -> Domain limited of variable X0.
Trying value 84 for variable X2.
Maintaining arc consistency after assignment of variable X2
X2 = 84 -> Domain limited of variable X0.
X2 = 84 -> Domain limited of variable X1.
X2 = 84 -> Domain limited of variable X0.
Trying value 85 for variable X2.
Maintaining arc consistency after assignment of variable X2
X2 = 85 -> Domain limited of variable X0.
X2 = 85 -> Domain limited of variable X1.
X2 = 85 -> Domain limited of variable X0.
Trying value 86 for variable X2.
Maintaining arc consistency after assignment of variable X2
X2 = 86 -> Domain limited of variable X0.
X2 = 86 -> Domain limited of variable X1.
X2 = 86 -> Domain limited of variable X0.
Trying value 87 for variable X2.
Maintaining arc consistency after assignment of variable X2
X2 = 87 -> Domain limited of variable X0.
X2 = 87 -> Domain limited of variable X1.
X2 = 87 -> Domain limited of variable X0.
Trying value 88 for variable X2.
Maintaining arc consistency after assignment of variable X2
X2 = 88 -> Domain limited of variable X0.
X2 = 88 -> Domain limited of variable X1.
X2 = 88 -> Domain limited of variable X0.
Trying value 89 for variable X2.
Maintaining arc consistency after assignment of variable X2
X2 = 89 -> Domain limited of variable X0.
X2 = 89 -> Domain limited of variable X1.
X2 = 89 -> Domain limited of variable X0.
Trying value 90 for variable X2.
Maintaining arc consistency after assignment of variable X2
X2 = 90 -> Domain limited of variable X0.
X2 = 90 -> Domain limited of variable X1.
X2 = 90 -> Domain limited of variable X0.
Trying value 91 for variable X2.
Maintaining arc consistency after assignment of variable X2
X2 = 91 -> Domain limited of variable X0.
X2 = 91 -> Domain limited of variable X1.
X2 = 91 -> Domain limited of variable X0.
Trying value 92 for variable X2.
Maintaining arc consistency after assignment of variable X2
X2 = 92 -> Domain limited of variable X0.
X2 = 92 -> Domain limited of variable X1.
X2 = 92 -> Domain limited of variable X0.
Trying value 93 for variable X2.
Maintaining arc consistency after assignment of variable X2
X2 = 93 -> Domain limited of variable X0.
X2 = 93 -> Domain limited of variable X1.
X2 = 93 -> Domain limited of variable X0.
Trying value 94 for variable X2.
Maintaining arc consistency after assignment of variable X2
X2 = 94 -> Domain limited of variable X0.
X2 = 94 -> Domain limited of variable X1.
X2 = 94 -> Domain limited of variable X0.
Trying value 95 for variable X2.
Maintaining arc consistency after assignment of variable X2
X2 = 95 -> Domain limited of variable X0.
X2 = 95 -> Domain limited of variable X1.
X2 = 95 -> Domain limited of variable X0.
Trying value 96 for variable X2.
Maintaining arc consistency after assignment of variable X2
X2 = 96 -> Domain limited of variable X0.
X2 = 96 -> Domain limited of variable X1.
X2 = 96 -> Domain limited of variable X0.
Trying value 97 for variable X2.
Maintaining arc consistency after assignment of variable X2
X2 = 97 -> Domain limited of variable X0.
X2 = 97 -> Domain limited of variable X1.
X2 = 97 -> Domain limited of variable X0.
Trying value 98 for variable X2.
Maintaining arc consistency after assignment of variable X2
X2 = 98 -> Domain limited of variable X0.
X2 = 98 -> Domain limited of variable X1.
X2 = 98 -> Domain limited of variable X0.
Trying value 99 for variable X2.
Maintaining arc consistency after assignment of variable X2
X2 = 99 -> Domain limited of variable X0.
X2 = 99 -> Domain limited of variable X1.
X2 = 99 -> Domain limited of variable X0.
Trying value 100 for variable X2.
Maintaining arc consistency after assignment of variable X2
X2 = 100 -> Domain limited of variable X0.
X2 = 100 -> Domain limited of variable X1.
X2 = 100 -> Domain limited of variable X0.
Trying value 101 for variable X2.
Maintaining arc consistency after assignment of variable X2
X2 = 101 -> Domain limited of variable X0.
Trying value 102 for variable X2.
Maintaining arc consistency after assignment of variable X2
X2 = 102 -> Domain limited of variable X0.
Trying value 103 for variable X2.
Maintaining arc consistency after assignment of variable X2
X2 = 103 -> Domain limited of variable X0.
Trying value 104 for variable X2.
Maintaining arc consistency after assignment of variable X2
X2 = 104 -> Domain limited of variable X0.
Trying value 105 for variable X2.
Maintaining arc consistency after assignment of variable X2
X2 = 105 -> Domain limited of variable X0.
Trying value 106 for variable X2.
Maintaining arc consistency after assignment of variable X2
X2 = 106 -> Domain limited of variable X0.
Trying value 107 for variable X2.
Maintaining arc consistency after assignment of variable X2
X2 = 107 -> Domain limited of variable X0.
Trying value 108 for variable X2.
Maintaining arc consistency after assignment of variable X2
X2 = 108 -> Domain limited of variable X0.
Trying value 109 for variable X2.
Maintaining arc consistency after assignment of variable X2
X2 = 109 -> Domain limited of variable X0.
Trying value 110 for variable X2.
Maintaining arc consistency after assignment of variable X2
X2 = 110 -> Domain limited of variable X0.
Trying value 111 for variable X2.
Maintaining arc consistency after assignment of variable X2
X2 = 111 -> Domain limited of variable X0.
Trying value 112 for variable X2.
Maintaining arc consistency after assignment of variable X2
X2 = 112 -> Domain limited of variable X0.
Trying value 113 for variable X2.
Maintaining arc consistency after assignment of variable X2
X2 = 113 -> Domain limited of variable X0.
Trying value 114 for variable X2.
Maintaining arc consistency after assignment of variable X2
X2 = 114 -> Domain limited of variable X0.
Trying value 115 for variable X2.
Maintaining arc consistency after assignment of variable X2
X2 = 115 -> Domain limited of variable X0.
Trying value 116 for variable X2.
Maintaining arc consistency after assignment of variable X2
X2 = 116 -> Domain limited of variable X0.
Trying value 117 for variable X2.
Maintaining arc consistency after assignment of variable X2
X2 = 117 -> Domain limited of variable X0.
Trying value 118 for variable X2.
Maintaining arc consistency after assignment of variable X2
X2 = 118 -> Domain limited of variable X0.
Trying value 119 for variable X2.
Maintaining arc consistency after assignment of variable X2
X2 = 119 -> Domain limited of variable X0.
Trying value 120 for variable X2.
Maintaining arc consistency after assignment of variable X2
X2 = 120 -> Domain limited of variable X0.
Trying value 121 for variable X2.
Maintaining arc consistency after assignment of variable X2
X2 = 121 -> Domain limited of variable X0.
Trying value 122 for variable X2.
Maintaining arc consistency after assignment of variable X2
X2 = 122 -> Domain limited of variable X0.
Trying value 123 for variable X2.
Maintaining arc consistency after assignment of variable X2
X2 = 123 -> Domain limited of variable X0.
Trying value 124 for variable X2.
Maintaining arc consistency after assignment of variable X2
X2 = 124 -> Domain limited of variable X0.
Trying value 125 for variable X2.
Maintaining arc consistency after assignment of variable X2
X2 = 125 -> Domain limited of variable X0.
Trying value 126 for variable X2.
Maintaining arc consistency after assignment of variable X2
X2 = 126 -> Domain limited of variable X0.
Trying value 127 for variable X2.
Maintaining arc consistency after assignment of variable X2
X2 = 127 -> Domain limited of variable X0.
Trying value 128 for variable X2.
Maintaining arc consistency after assignment of variable X2
X2 = 128 -> Domain limited of variable X0.
Trying value 129 for variable X2.
Maintaining arc consistency after assignment of variable X2
X2 = 129 -> Domain limited of variable X0.
Trying value 130 for variable X2.
Maintaining arc consistency after assignment of variable X2
X2 = 130 -> Domain limited of variable X0.
Trying value 131 for variable X2.
Maintaining arc consistency after assignment of variable X2
X2 = 131 -> Domain limited of variable X0.
Trying value 132 for variable X2.
Maintaining arc consistency after assignment of variable X2
X2 = 132 -> Domain limited of variable X0.
Trying value 133 for variable X2.
Maintaining arc consistency after assignment of variable X2
X2 = 133 -> Domain limited of variable X0.
Trying value 134 for variable X2.
Maintaining arc consistency after assignment of variable X2
X2 = 134 -> Domain limited of variable X0.
Trying value 135 for variable X2.
Maintaining arc consistency after assignment of variable X2
X2 = 135 -> Domain limited of variable X0.
Trying value 136 for variable X2.
Maintaining arc consistency after assignment of variable X2
X2 = 136 -> Domain limited of variable X0.
Trying value 137 for variable X2.
Maintaining arc consistency after assignment of variable X2
X2 = 137 -> Domain limited of variable X0.
Trying value 138 for variable X2.
Maintaining arc consistency after assignment of variable X2
X2 = 138 -> Domain limited of variable X0.
Trying value 139 for variable X2.
Maintaining arc consistency after assignment of variable X2
X2 = 139 -> Domain limited of variable X0.
Trying value 140 for variable X2.
Maintaining arc consistency after assignment of variable X2
X2 = 140 -> Domain limited of variable X0.
Trying value 141 for variable X2.
Maintaining arc consistency after assignment of variable X2
X2 = 141 -> Domain limited of variable X0.
Trying value 142 for variable X2.
Maintaining arc consistency after assignment of variable X2
X2 = 142 -> Domain limited of variable X0.
Trying value 143 for variable X2.
Maintaining arc consistency after assignment of variable X2
X2 = 143 -> Domain limited of variable X0.
Trying value 144 for variable X2.
Maintaining arc consistency after assignment of variable X2
X2 = 144 -> Domain limited of variable X0.
Trying value 145 for variable X2.
Maintaining arc consistency after assignment of variable X2
X2 = 145 -> Domain limited of variable X0.
Trying value 146 for variable X2.
Maintaining arc consistency after assignment of variable X2
X2 = 146 -> Domain limited of variable X0.
Trying value 147 for variable X2.
Maintaining arc consistency after assignment of variable X2
X2 = 147 -> Domain limited of variable X0.
Trying value 148 for variable X2.
Maintaining arc consistency after assignment of variable X2
X2 = 148 -> Domain limited of variable X0.
Trying value 149 for variable X2.
Maintaining arc consistency after assignment of variable X2
X2 = 149 -> Domain limited of variable X0.
Trying value 150 for variable X2.
Maintaining arc consistency after assignment of variable X2
X2 = 150 -> Domain limited of variable X0.
Trying value 151 for variable X2.
Maintaining arc consistency after assignment of variable X2
X2 = 151 -> Domain limited of variable X0.
Trying value 152 for variable X2.
Maintaining arc consistency after assignment of variable X2
X2 = 152 -> Domain limited of variable X0.
Trying value 153 for variable X2.
Maintaining arc consistency after assignment of variable X2
X2 = 153 -> Domain limited of variable X0.
Trying value 154 for variable X2.
Maintaining arc consistency after assignment of variable X2
X2 = 154 -> Domain limited of variable X0.
Trying value 155 for variable X2.
Maintaining arc consistency after assignment of variable X2
X2 = 155 -> Domain limited of variable X0.
Trying value 156 for variable X2.
Maintaining arc consistency after assignment of variable X2
X2 = 156 -> Domain limited of variable X0.
Trying value 157 for variable X2.
Maintaining arc consistency after assignment of variable X2
X2 = 157 -> Domain limited of variable X0.
Trying value 158 for variable X2.
Maintaining arc consistency after assignment of variable X2
X2 = 158 -> Domain limited of variable X0.
Trying value 159 for variable X2.
Maintaining arc consistency after assignment of variable X2
X2 = 159 -> Domain limited of variable X0.
Trying value 160 for variable X2.
Maintaining arc consistency after assignment of variable X2
X2 = 160 -> Domain limited of variable X0.
Trying value 161 for variable X2.
Maintaining arc consistency after assignment of variable X2
X2 = 161 -> Domain limited of variable X0.
Trying value 162 for variable X2.
Maintaining arc consistency after assignment of variable X2
X2 = 162 -> Domain limited of variable X0.
Trying value 163 for variable X2.
Maintaining arc consistency after assignment of variable X2
X2 = 163 -> Domain limited of variable X0.
Trying value 164 for variable X2.
Maintaining arc consistency after assignment of variable X2
X2 = 164 -> Domain limited of variable X0.
Trying value 165 for variable X2.
Maintaining arc consistency after assignment of variable X2
X2 = 165 -> Domain limited of variable X0.
Trying value 166 for variable X2.
Maintaining arc consistency after assignment of variable X2
X2 = 166 -> Domain limited of variable X0.
Trying value 167 for variable X2.
Maintaining arc consistency after assignment of variable X2
X2 = 167 -> Domain limited of variable X0.
Trying value 168 for variable X2.
Maintaining arc consistency after assignment of variable X2
X2 = 168 -> Domain limited of variable X0.
Trying value 169 for variable X2.
Maintaining arc consistency after assignment of variable X2
X2 = 169 -> Domain limited of variable X0.
Trying value 170 for variable X2.
Maintaining arc consistency after assignment of variable X2
X2 = 170 -> Domain limited of variable X0.
Trying value 171 for variable X2.
Maintaining arc consistency after assignment of variable X2
X2 = 171 -> Domain limited of variable X0.
Trying value 172 for variable X2.
Maintaining arc consistency after assignment of variable X2
X2 = 172 -> Domain limited of variable X0.
Trying value 173 for variable X2.
Maintaining arc consistency after assignment of variable X2
X2 = 173 -> Domain limited of variable X0.
Trying value 174 for variable X2.
Maintaining arc consistency after assignment of variable X2
X2 = 174 -> Domain limited of variable X0.
Trying value 175 for variable X2.
Maintaining arc consistency after assignment of variable X2
X2 = 175 -> Domain limited of variable X0.
Trying value 176 for variable X2.
Maintaining arc consistency after assignment of variable X2
X2 = 176 -> Domain limited of variable X0.
Trying value 177 for variable X2.
Maintaining arc consistency after assignment of variable X2
X2 = 177 -> Domain limited of variable X0.
Trying value 178 for variable X2.
Maintaining arc consistency after assignment of variable X2
X2 = 178 -> Domain limited of variable X0.
Trying value 179 for variable X2.
Maintaining arc consistency after assignment of variable X2
X2 = 179 -> Domain limited of variable X0.
Trying value 180 for variable X2.
Maintaining arc consistency after assignment of variable X2
X2 = 180 -> Domain limited of variable X0.
Trying value 181 for variable X2.
Maintaining arc consistency after assignment of variable X2
X2 = 181 -> Domain limited of variable X0.
Trying value 182 for variable X2.
Maintaining arc consistency after assignment of variable X2
X2 = 182 -> Domain limited of variable X0.
Trying value 183 for variable X2.
Maintaining arc consistency after assignment of variable X2
X2 = 183 -> Domain limited of variable X0.
Trying value 184 for variable X2.
Maintaining arc consistency after assignment of variable X2
X2 = 184 -> Domain limited of variable X0.
Trying value 185 for variable X2.
Maintaining arc consistency after assignment of variable X2
X2 = 185 -> Domain limited of variable X0.
Trying value 186 for variable X2.
Maintaining arc consistency after assignment of variable X2
X2 = 186 -> Domain limited of variable X0.
Trying value 187 for variable X2.
Maintaining arc consistency after assignment of variable X2
X2 = 187 -> Domain limited of variable X0.
Trying value 188 for variable X2.
Maintaining arc consistency after assignment of variable X2
X2 = 188 -> Domain limited of variable X0.
Trying value 189 for variable X2.
Maintaining arc consistency after assignment of variable X2
X2 = 189 -> Domain limited of variable X0.
Trying value 190 for variable X2.
Maintaining arc consistency after assignment of variable X2
X2 = 190 -> Domain limited of variable X0.
Trying value 191 for variable X2.
Maintaining arc consistency after assignment of variable X2
X2 = 191 -> Domain limited of variable X0.
Trying value 192 for variable X2.
Maintaining arc consistency after assignment of variable X2
X2 = 192 -> Domain limited of variable X0.
Trying value 193 for variable X2.
Maintaining arc consistency after assignment of variable X2
X2 = 193 -> Domain limited of variable X0.
Trying value 194 for variable X2.
Maintaining arc consistency after assignment of variable X2
X2 = 194 -> Domain limited of variable X0.
Trying value 195 for variable X2.
Maintaining arc consistency after assignment of variable X2
X2 = 195 -> Domain limited of variable X0.
Trying value 196 for variable X2.
Maintaining arc consistency after assignment of variable X2
X2 = 196 -> Domain limited of variable X0.
Trying value 197 for variable X2.
Maintaining arc consistency after assignment of variable X2
X2 = 197 -> Domain limited of variable X0.
Trying value 198 for variable X2.
Maintaining arc consistency after assignment of variable X2
X2 = 198 -> Domain limited of variable X0.
Trying value 199 for variable X2.
Maintaining arc consistency after assignment of variable X2
X2 = 199 -> Domain limited of variable X0.
Trying value 200 for variable X2.
Maintaining arc consistency after assignment of variable X2
X2 = 200 -> Domain limited of variable X0.
Trying value 201 for variable X2.
Maintaining arc consistency after assignment of variable X2
X2 = 201 -> Domain limited of variable X0.
Trying value 202 for variable X2.
Maintaining arc consistency after assignment of variable X2
X2 = 202 -> Domain limited of variable X0.
Trying value 203 for variable X2.
Maintaining arc consistency after assignment of variable X2
X2 = 203 -> Domain limited of variable X0.
Trying value 204 for variable X2.
Maintaining arc consistency after assignment of variable X2
X2 = 204 -> Domain limited of variable X0.
Trying value 205 for variable X2.
Maintaining arc consistency after assignment of variable X2
X2 = 205 -> Domain limited of variable X0.
Trying value 206 for variable X2.
Maintaining arc consistency after assignment of variable X2
X2 = 206 -> Domain limited of variable X0.
Trying value 207 for variable X2.
Maintaining arc consistency after assignment of variable X2
X2 = 207 -> Domain limited of variable X0.
Trying value 208 for variable X2.
Maintaining arc consistency after assignment of variable X2
X2 = 208 -> Domain limited of variable X0.
Trying value 209 for variable X2.
Maintaining arc consistency after assignment of variable X2
X2 = 209 -> Domain limited of variable X0.
Trying value 210 for variable X2.
Maintaining arc consistency after assignment of variable X2
X2 = 210 -> Domain limited of variable X0.
Trying value 211 for variable X2.
Maintaining arc consistency after assignment of variable X2
X2 = 211 -> Domain limited of variable X0.
Trying value 212 for variable X2.
Maintaining arc consistency after assignment of variable X2
X2 = 212 -> Domain limited of variable X0.
Trying value 213 for variable X2.
Maintaining arc consistency after assignment of variable X2
X2 = 213 -> Domain limited of variable X0.
Trying value 214 for variable X2.
Maintaining arc consistency after assignment of variable X2
X2 = 214 -> Domain limited of variable X0.
Trying value 215 for variable X2.
Maintaining arc consistency after assignment of variable X2
X2 = 215 -> Domain limited of variable X0.
Trying value 216 for variable X2.
Maintaining arc consistency after assignment of variable X2
X2 = 216 -> Domain limited of variable X0.
Trying value 217 for variable X2.
Maintaining arc consistency after assignment of variable X2
X2 = 217 -> Domain limited of variable X0.
Trying value 218 for variable X2.
Maintaining arc consistency after assignment of variable X2
X2 = 218 -> Domain limited of variable X0.
Trying value 219 for variable X2.
Maintaining arc consistency after assignment of variable X2
X2 = 219 -> Domain limited of variable X0.
Trying value 220 for variable X2.
Maintaining arc consistency after assignment of variable X2
X2 = 220 -> Domain limited of variable X0.
Trying value 221 for variable X2.
Maintaining arc consistency after assignment of variable X2
X2 = 221 -> Domain limited of variable X0.
Trying value 222 for variable X2.
Maintaining arc consistency after assignment of variable X2
X2 = 222 -> Domain limited of variable X0.
Trying value 223 for variable X2.
Maintaining arc consistency after assignment of variable X2
X2 = 223 -> Domain limited of variable X0.
Trying value 224 for variable X2.
Maintaining arc consistency after assignment of variable X2
X2 = 224 -> Domain limited of variable X0.
Trying value 225 for variable X2.
Maintaining arc consistency after assignment of variable X2
X2 = 225 -> Domain limited of variable X0.
Trying value 226 for variable X2.
Maintaining arc consistency after assignment of variable X2
X2 = 226 -> Domain limited of variable X0.
Trying value 227 for variable X2.
Maintaining arc consistency after assignment of variable X2
X2 = 227 -> Domain limited of variable X0.
Trying value 228 for variable X2.
Maintaining arc consistency after assignment of variable X2
X2 = 228 -> Domain limited of variable X0.
Trying value 229 for variable X2.
Maintaining arc consistency after assignment of variable X2
X2 = 229 -> Domain limited of variable X0.
Trying value 230 for variable X2.
Maintaining arc consistency after assignment of variable X2
X2 = 230 -> Domain limited of variable X0.
Trying value 231 for variable X2.
Maintaining arc consistency after assignment of variable X2
X2 = 231 -> Domain limited of variable X0.
Trying value 232 for variable X2.
Maintaining arc consistency after assignment of variable X2
X2 = 232 -> Domain limited of variable X0.
Trying value 233 for variable X2.
Maintaining arc consistency after assignment of variable X2
X2 = 233 -> Domain limited of variable X0.
Trying value 234 for variable X2.
Maintaining arc consistency after assignment of variable X2
X2 = 234 -> Domain limited of variable X0.
Trying value 235 for variable X2.
Maintaining arc consistency after assignment of variable X2
X2 = 235 -> Domain limited of variable X0.
Trying value 236 for variable X2.
Maintaining arc consistency after assignment of variable X2
X2 = 236 -> Domain limited of variable X0.
Trying value 237 for variable X2.
Maintaining arc consistency after assignment of variable X2
X2 = 237 -> Domain limited of variable X0.
Trying value 238 for variable X2.
Maintaining arc consistency after assignment of variable X2
X2 = 238 -> Domain limited of variable X0.
Trying value 239 for variable X2.
Maintaining arc consistency after assignment of variable X2
X2 = 239 -> Domain limited of variable X0.
Trying value 240 for variable X2.
Maintaining arc consistency after assignment of variable X2
X2 = 240 -> Domain limited of variable X0.
Trying value 241 for variable X2.
Maintaining arc consistency after assignment of variable X2
X2 = 241 -> Domain limited of variable X0.
Trying value 242 for variable X2.
Maintaining arc consistency after assignment of variable X2
X2 = 242 -> Domain limited of variable X0.
Trying value 243 for variable X2.
Maintaining arc consistency after assignment of variable X2
X2 = 243 -> Domain limited of variable X0.
Trying value 244 for variable X2.
Maintaining arc consistency after assignment of variable X2
X2 = 244 -> Domain limited of variable X0.
Trying value 245 for variable X2.
Maintaining arc consistency after assignment of variable X2
X2 = 245 -> Domain limited of variable X0.
Trying value 246 for variable X2.
Maintaining arc consistency after assignment of variable X2
X2 = 246 -> Domain limited of variable X0.
Trying value 247 for variable X2.
Maintaining arc consistency after assignment of variable X2
X2 = 247 -> Domain limited of variable X0.
Trying value 248 for variable X2.
Maintaining arc consistency after assignment of variable X2
X2 = 248 -> Domain limited of variable X0.
Trying value 249 for variable X2.
Maintaining arc consistency after assignment of variable X2
X2 = 249 -> Domain limited of variable X0.
Trying value 250 for variable X2.
Maintaining arc consistency after assignment of variable X2
X2 = 250 -> Domain limited of variable X0.
backtracking points: 4
