Accepted

####################################################

# Before init: 25 possible values and 1 * 5^5 combinations
# Applying substitution for single-value domains 	  and checking applicable constraints:
# After init: 25 possible values and 1 * 5^5 combinations
# After init: domains
X0: [0, 1, 2, 3, 4]
X1: [0, 1, 2, 3, 4]
X2: [0, 1, 2, 3, 4]
X3: [0, 1, 2, 3, 4]
X4: [0, 1, 2, 3, 4]
Trying value 0 for variable X4.
Trying value 0 for variable X3.
Trying value 1 for variable X3.
Trying value 0 for variable X2.
Trying value 1 for variable X2.
Trying value 2 for variable X2.
Trying value 3 for variable X2.
Trying value 0 for variable X1.
Trying value 0 for variable X0.
Trying value 1 for variable X0.
Trying value 2 for variable X0.
Trying value 3 for variable X0.
Trying value 4 for variable X0.
Trying value 1 for variable X1.
Trying value 0 for variable X0.
Trying value 1 for variable X0.
Trying value 2 for variable X0.
Trying value 3 for variable X0.
Trying value 4 for variable X0.
Trying value 2 for variable X1.
Trying value 0 for variable X0.
Trying value 1 for variable X0.
Trying value 2 for variable X0.
Trying value 3 for variable X0.
Trying value 4 for variable X0.
Trying value 3 for variable X1.
Trying value 4 for variable X1.
Trying value 0 for variable X0.
Trying value 1 for variable X0.
Trying value 2 for variable X0.
Trying value 3 for variable X0.
Trying value 4 for variable X0.
Trying value 4 for variable X2.
Trying value 0 for variable X1.
Trying value 0 for variable X0.
Trying value 1 for variable X0.
Trying value 2 for variable X0.
Trying value 3 for variable X0.
Trying value 4 for variable X0.
Trying value 1 for variable X1.
Trying value 0 for variable X0.
Trying value 1 for variable X0.
Trying value 2 for variable X0.
Trying value 3 for variable X0.
Trying value 4 for variable X0.
Trying value 2 for variable X1.
Trying value 0 for variable X0.
Trying value 1 for variable X0.
Trying value 2 for variable X0.
Trying value 3 for variable X0.
Trying value 4 for variable X0.
Trying value 3 for variable X1.
Trying value 0 for variable X0.
Trying value 1 for variable X0.
Trying value 2 for variable X0.
Trying value 3 for variable X0.
Trying value 4 for variable X0.
Trying value 4 for variable X1.
Trying value 2 for variable X3.
Trying value 0 for variable X2.
Trying value 1 for variable X2.
Trying value 0 for variable X1.
Trying value 0 for variable X0.
Trying value 1 for variable X0.
Trying value 2 for variable X0.
Trying value 3 for variable X0.
Trying value 4 for variable X0.
Trying value 1 for variable X1.
Trying value 2 for variable X1.
Trying value 0 for variable X0.
Trying value 1 for variable X0.
Trying value 2 for variable X0.
Trying value 3 for variable X0.
Trying value 4 for variable X0.
Trying value 3 for variable X1.
Trying value 0 for variable X0.
Trying value 1 for variable X0.
Trying value 2 for variable X0.
Trying value 3 for variable X0.
Trying value 4 for variable X0.
Trying value 4 for variable X1.
Trying value 0 for variable X0.
Trying value 1 for variable X0.
Trying value 2 for variable X0.
Trying value 3 for variable X0.
Trying value 4 for variable X0.
Trying value 2 for variable X2.
Trying value 3 for variable X2.
Trying value 4 for variable X2.
Trying value 0 for variable X1.
Trying value 0 for variable X0.
Trying value 1 for variable X0.
Trying value 2 for variable X0.
Trying value 3 for variable X0.
Trying value 4 for variable X0.
Trying value 1 for variable X1.
Trying value 0 for variable X0.
Trying value 1 for variable X0.
Trying value 2 for variable X0.
Trying value 3 for variable X0.
Trying value 4 for variable X0.
Trying value 2 for variable X1.
Trying value 0 for variable X0.
Trying value 1 for variable X0.
Trying value 2 for variable X0.
Trying value 3 for variable X0.
Trying value 4 for variable X0.
Trying value 3 for variable X1.
Trying value 0 for variable X0.
Trying value 1 for variable X0.
Trying value 2 for variable X0.
Trying value 3 for variable X0.
Trying value 4 for variable X0.
Trying value 4 for variable X1.
Trying value 3 for variable X3.
Trying value 0 for variable X2.
Trying value 1 for variable X2.
Trying value 0 for variable X1.
Trying value 0 for variable X0.
Trying value 1 for variable X0.
Trying value 2 for variable X0.
Trying value 3 for variable X0.
Trying value 4 for variable X0.
Trying value 1 for variable X1.
Trying value 2 for variable X1.
Trying value 0 for variable X0.
Trying value 1 for variable X0.
Trying value 2 for variable X0.
Trying value 3 for variable X0.
Trying value 4 for variable X0.
Trying value 3 for variable X1.
Trying value 0 for variable X0.
Trying value 1 for variable X0.
Trying value 2 for variable X0.
Trying value 3 for variable X0.
Trying value 4 for variable X0.
Trying value 4 for variable X1.
Trying value 0 for variable X0.
Trying value 1 for variable X0.
Trying value 2 for variable X0.
Trying value 3 for variable X0.
Trying value 4 for variable X0.
Trying value 2 for variable X2.
Trying value 0 for variable X1.
Trying value 0 for variable X0.
Trying value 1 for variable X0.
Trying value 2 for variable X0.
Trying value 3 for variable X0.
Trying value 4 for variable X0.
Trying value 1 for variable X1.
Trying value 0 for variable X0.
Trying value 1 for variable X0.
Trying value 2 for variable X0.
Trying value 3 for variable X0.
Trying value 4 for variable X0.
Trying value 2 for variable X1.
Trying value 3 for variable X1.
Trying value 0 for variable X0.
Trying value 1 for variable X0.
Trying value 2 for variable X0.
Trying value 3 for variable X0.
Trying value 4 for variable X0.
Trying value 4 for variable X1.
Trying value 0 for variable X0.
Trying value 1 for variable X0.
Trying value 2 for variable X0.
Trying value 3 for variable X0.
Trying value 4 for variable X0.
Trying value 3 for variable X2.
Trying value 4 for variable X2.
Trying value 4 for variable X3.
Trying value 0 for variable X2.
Trying value 1 for variable X2.
Trying value 0 for variable X1.
Trying value 0 for variable X0.
Trying value 1 for variable X0.
Trying value 2 for variable X0.
Trying value 3 for variable X0.
Trying value 4 for variable X0.
Trying value 1 for variable X1.
Trying value 2 for variable X1.
Trying value 0 for variable X0.
Trying value 1 for variable X0.
Trying value 2 for variable X0.
Trying value 3 for variable X0.
Trying value 4 for variable X0.
Trying value 3 for variable X1.
Trying value 0 for variable X0.
Trying value 1 for variable X0.
Trying value 2 for variable X0.
Trying value 3 for variable X0.
Trying value 4 for variable X0.
Trying value 4 for variable X1.
Trying value 0 for variable X0.
Trying value 1 for variable X0.
Trying value 2 for variable X0.
Trying value 3 for variable X0.
Trying value 4 for variable X0.
Trying value 2 for variable X2.
Trying value 0 for variable X1.
Trying value 0 for variable X0.
Trying value 1 for variable X0.
Trying value 2 for variable X0.
Trying value 3 for variable X0.
Trying value 4 for variable X0.
Trying value 1 for variable X1.
Trying value 0 for variable X0.
Trying value 1 for variable X0.
Trying value 2 for variable X0.
Trying value 3 for variable X0.
Trying value 4 for variable X0.
Trying value 2 for variable X1.
Trying value 3 for variable X1.
Trying value 0 for variable X0.
Trying value 1 for variable X0.
Trying value 2 for variable X0.
Trying value 3 for variable X0.
Trying value 4 for variable X0.
Trying value 4 for variable X1.
Trying value 0 for variable X0.
Trying value 1 for variable X0.
Trying value 2 for variable X0.
Trying value 3 for variable X0.
Trying value 4 for variable X0.
Trying value 3 for variable X2.
Trying value 0 for variable X1.
Trying value 0 for variable X0.
Trying value 1 for variable X0.
Trying value 2 for variable X0.
Trying value 3 for variable X0.
Trying value 4 for variable X0.
Trying value 1 for variable X1.
Trying value 0 for variable X0.
Trying value 1 for variable X0.
Trying value 2 for variable X0.
Trying value 3 for variable X0.
Trying value 4 for variable X0.
Trying value 2 for variable X1.
Trying value 0 for variable X0.
Trying value 1 for variable X0.
Trying value 2 for variable X0.
Trying value 3 for variable X0.
Trying value 4 for variable X0.
Trying value 3 for variable X1.
Trying value 4 for variable X1.
Trying value 0 for variable X0.
Trying value 1 for variable X0.
Trying value 2 for variable X0.
Trying value 3 for variable X0.
Trying value 4 for variable X0.
Trying value 4 for variable X2.
Trying value 1 for variable X4.
Trying value 0 for variable X3.
Trying value 1 for variable X3.
Trying value 2 for variable X3.
Trying value 0 for variable X2.
Trying value 1 for variable X2.
Trying value 2 for variable X2.
Trying value 3 for variable X2.
Trying value 4 for variable X2.
Trying value 0 for variable X1.
Trying value 0 for variable X0.
Trying value 1 for variable X0.
Trying value 2 for variable X0.
Trying value 3 for variable X0.
Trying value 4 for variable X0.
Trying value 1 for variable X1.
Trying value 0 for variable X0.
Trying value 1 for variable X0.
Trying value 2 for variable X0.
Trying value 3 for variable X0.
Trying value 4 for variable X0.
Trying value 2 for variable X1.
Trying value 0 for variable X0.
Trying value 1 for variable X0.
Trying value 2 for variable X0.
Trying value 3 for variable X0.
Trying value 4 for variable X0.
Trying value 3 for variable X1.
Trying value 0 for variable X0.
Trying value 1 for variable X0.
Trying value 2 for variable X0.
Trying value 3 for variable X0.
Trying value 4 for variable X0.
Trying value 4 for variable X1.
Trying value 3 for variable X3.
Trying value 0 for variable X2.
Trying value 1 for variable X2.
Trying value 2 for variable X2.
Trying value 0 for variable X1.
Trying value 0 for variable X0.
Trying value 1 for variable X0.
Trying value 2 for variable X0.
Trying value 3 for variable X0.
Trying value 4 for variable X0.
Trying value 1 for variable X1.
Trying value 0 for variable X0.
Trying value 1 for variable X0.
Trying value 2 for variable X0.
Trying value 3 for variable X0.
Trying value 4 for variable X0.
Trying value 2 for variable X1.
Trying value 3 for variable X1.
Trying value 0 for variable X0.
Trying value 1 for variable X0.
Trying value 2 for variable X0.
Trying value 3 for variable X0.
Trying value 4 for variable X0.
Trying value 4 for variable X1.
Trying value 0 for variable X0.
Trying value 1 for variable X0.
Trying value 2 for variable X0.
Trying value 3 for variable X0.
Trying value 4 for variable X0.
Trying value 3 for variable X2.
Trying value 4 for variable X2.
Trying value 4 for variable X3.
Trying value 0 for variable X2.
Trying value 1 for variable X2.
Trying value 2 for variable X2.
Trying value 0 for variable X1.
Trying value 0 for variable X0.
Trying value 1 for variable X0.
Trying value 2 for variable X0.
Trying value 3 for variable X0.
Trying value 4 for variable X0.
Trying value 1 for variable X1.
Trying value 0 for variable X0.
Trying value 1 for variable X0.
Trying value 2 for variable X0.
Trying value 3 for variable X0.
Trying value 4 for variable X0.
Trying value 2 for variable X1.
Trying value 3 for variable X1.
Trying value 0 for variable X0.
Trying value 1 for variable X0.
Trying value 2 for variable X0.
Trying value 3 for variable X0.
Trying value 4 for variable X0.
Trying value 4 for variable X1.
Trying value 0 for variable X0.
Trying value 1 for variable X0.
Trying value 2 for variable X0.
Trying value 3 for variable X0.
Trying value 4 for variable X0.
Trying value 3 for variable X2.
Trying value 0 for variable X1.
Trying value 0 for variable X0.
Trying value 1 for variable X0.
Trying value 2 for variable X0.
Trying value 3 for variable X0.
Trying value 4 for variable X0.
Trying value 1 for variable X1.
Trying value 0 for variable X0.
Trying value 1 for variable X0.
Trying value 2 for variable X0.
Trying value 3 for variable X0.
Trying value 4 for variable X0.
Trying value 2 for variable X1.
Trying value 0 for variable X0.
Trying value 1 for variable X0.
Trying value 2 for variable X0.
Trying value 3 for variable X0.
Trying value 4 for variable X0.
Trying value 3 for variable X1.
Trying value 4 for variable X1.
Trying value 0 for variable X0.
Trying value 1 for variable X0.
Trying value 2 for variable X0.
Trying value 3 for variable X0.
Trying value 4 for variable X0.
Trying value 4 for variable X2.
Trying value 2 for variable X4.
Trying value 0 for variable X3.
Trying value 1 for variable X3.
Trying value 2 for variable X3.
Trying value 3 for variable X3.
Trying value 0 for variable X2.
Trying value 1 for variable X2.
Trying value 2 for variable X2.
Trying value 3 for variable X2.
Trying value 4 for variable X2.
Trying value 4 for variable X3.
Trying value 0 for variable X2.
Trying value 1 for variable X2.
Trying value 2 for variable X2.
Trying value 3 for variable X2.
Trying value 0 for variable X1.
Trying value 0 for variable X0.
Trying value 1 for variable X0.
Trying value 2 for variable X0.
Trying value 3 for variable X0.
Trying value 4 for variable X0.
Trying value 1 for variable X1.
Trying value 0 for variable X0.
Trying value 1 for variable X0.
Trying value 2 for variable X0.
Trying value 3 for variable X0.
Trying value 4 for variable X0.
Trying value 2 for variable X1.
Trying value 0 for variable X0.
Trying value 1 for variable X0.
Trying value 2 for variable X0.
Trying value 3 for variable X0.
Trying value 4 for variable X0.
Trying value 3 for variable X1.
Trying value 4 for variable X1.
Trying value 0 for variable X0.
Trying value 1 for variable X0.
Trying value 2 for variable X0.
Trying value 3 for variable X0.
Trying value 4 for variable X0.
Trying value 4 for variable X2.
Trying value 3 for variable X4.
Trying value 0 for variable X3.
Trying value 1 for variable X3.
Trying value 2 for variable X3.
Trying value 3 for variable X3.
Trying value 4 for variable X3.
Trying value 0 for variable X2.
Trying value 1 for variable X2.
Trying value 2 for variable X2.
Trying value 3 for variable X2.
Trying value 4 for variable X2.
Trying value 4 for variable X4.
Trying value 0 for variable X3.
Trying value 1 for variable X3.
Trying value 2 for variable X3.
Trying value 3 for variable X3.
Trying value 4 for variable X3.
backtracking points: 100
